[    0.000000] Initializing cgroup subsys cpuset
[    0.000000] Initializing cgroup subsys cpu
[    0.000000] Initializing cgroup subsys cpuacct
[    0.000000] Linux version 4.4.0-210-generic (buildd@lgw01-amd64-009) (gcc version 5.4.0 20160609 (Ubuntu 5.4.0-6ubuntu1~16.04.12) ) #242-Ubuntu SMP Fri Apr 16 09:57:56 UTC 2021 (Ubuntu 4.4.0-210.242-generic 4.4.262)
[    0.000000] Command line: BOOT_IMAGE=/boot/vmlinuz-4.4.0-210-generic root=UUID=ce38f626-b02a-496e-9acf-8cacdd6a07eb ro console=tty1 console=ttyS0
[    0.000000] KERNEL supported cpus:
[    0.000000]   Intel GenuineIntel
[    0.000000]   AMD AuthenticAMD
[    0.000000]   Centaur CentaurHauls
[    0.000000] x86/fpu: xstate_offset[2]:  576, xstate_sizes[2]:  256
[    0.000000] x86/fpu: Supporting XSAVE feature 0x01: 'x87 floating point registers'
[    0.000000] x86/fpu: Supporting XSAVE feature 0x02: 'SSE registers'
[    0.000000] x86/fpu: Supporting XSAVE feature 0x04: 'AVX registers'
[    0.000000] x86/fpu: Enabled xstate features 0x7, context size is 832 bytes, using 'standard' format.
[    0.000000] e820: BIOS-provided physical RAM map:
[    0.000000] BIOS-e820: [mem 0x0000000000000000-0x000000000009fbff] usable
[    0.000000] BIOS-e820: [mem 0x000000000009fc00-0x000000000009ffff] reserved
[    0.000000] BIOS-e820: [mem 0x00000000000f0000-0x00000000000fffff] reserved
[    0.000000] BIOS-e820: [mem 0x0000000000100000-0x00000000dffeffff] usable
[    0.000000] BIOS-e820: [mem 0x00000000dfff0000-0x00000000dfffffff] ACPI data
[    0.000000] BIOS-e820: [mem 0x00000000fec00000-0x00000000fec00fff] reserved
[    0.000000] BIOS-e820: [mem 0x00000000fee00000-0x00000000fee00fff] reserved
[    0.000000] BIOS-e820: [mem 0x00000000fffc0000-0x00000000ffffffff] reserved
[    0.000000] BIOS-e820: [mem 0x0000000100000000-0x000000011fffffff] usable
[    0.000000] NX (Execute Disable) protection: active
[    0.000000] SMBIOS 2.5 present.
[    0.000000] Hypervisor detected: KVM
[    0.000000] e820: last_pfn = 0x120000 max_arch_pfn = 0x400000000
[    0.000000] MTRR: Disabled
[    0.000000] x86/PAT: MTRRs disabled, skipping PAT initialization too.
[    0.000000] CPU MTRRs all blank - virtualized system.
[    0.000000] x86/PAT: Configuration [0-7]: WB  WT  UC- UC  WB  WT  UC- UC  
[    0.000000] e820: last_pfn = 0xdfff0 max_arch_pfn = 0x400000000
[    0.000000] found SMP MP-table at [mem 0x0009fff0-0x0009ffff] mapped at [ffff88000009fff0]
[    0.000000] Scanning 1 areas for low memory corruption
[    0.000000] RAMDISK: [mem 0x362de000-0x37166fff]
[    0.000000] ACPI: Early table checksum verification disabled
[    0.000000] ACPI: RSDP 0x00000000000E0000 000024 (v02 VBOX  )
[    0.000000] ACPI: XSDT 0x00000000DFFF0030 00003C (v01 VBOX   VBOXXSDT 00000001 ASL  00000061)
[    0.000000] ACPI: FACP 0x00000000DFFF00F0 0000F4 (v04 VBOX   VBOXFACP 00000001 ASL  00000061)
[    0.000000] ACPI: DSDT 0x00000000DFFF0470 002325 (v02 VBOX   VBOXBIOS 00000002 INTL 20100528)
[    0.000000] ACPI: FACS 0x00000000DFFF0200 000040
[    0.000000] ACPI: FACS 0x00000000DFFF0200 000040
[    0.000000] ACPI: APIC 0x00000000DFFF0240 00005C (v02 VBOX   VBOXAPIC 00000001 ASL  00000061)
[    0.000000] ACPI: SSDT 0x00000000DFFF02A0 0001CC (v01 VBOX   VBOXCPUT 00000002 INTL 20100528)
[    0.000000] No NUMA configuration found
[    0.000000] Faking a node at [mem 0x0000000000000000-0x000000011fffffff]
[    0.000000] NODE_DATA(0) allocated [mem 0x11fff7000-0x11fffbfff]
[    0.000000] kvm-clock: Using msrs 4b564d01 and 4b564d00
[    0.000000] kvm-clock: cpu 0, msr 1:1ffef001, primary cpu clock
[    0.000000] kvm-clock: using sched offset of 4547579758 cycles
[    0.000000] clocksource: kvm-clock: mask: 0xffffffffffffffff max_cycles: 0x1cd42e4dffb, max_idle_ns: 881590591483 ns
[    0.000000] Zone ranges:
[    0.000000]   DMA      [mem 0x0000000000001000-0x0000000000ffffff]
[    0.000000]   DMA32    [mem 0x0000000001000000-0x00000000ffffffff]
[    0.000000]   Normal   [mem 0x0000000100000000-0x000000011fffffff]
[    0.000000]   Device   empty
[    0.000000] Movable zone start for each node
[    0.000000] Early memory node ranges
[    0.000000]   node   0: [mem 0x0000000000001000-0x000000000009efff]
[    0.000000]   node   0: [mem 0x0000000000100000-0x00000000dffeffff]
[    0.000000]   node   0: [mem 0x0000000100000000-0x000000011fffffff]
[    0.000000] Initmem setup node 0 [mem 0x0000000000001000-0x000000011fffffff]
[    0.000000] ACPI: PM-Timer IO Port: 0x4008
[    0.000000] IOAPIC[0]: apic_id 2, version 32, address 0xfec00000, GSI 0-23
[    0.000000] ACPI: INT_SRC_OVR (bus 0 bus_irq 0 global_irq 2 dfl dfl)
[    0.000000] ACPI: INT_SRC_OVR (bus 0 bus_irq 9 global_irq 9 low level)
[    0.000000] Using ACPI (MADT) for SMP configuration information
[    0.000000] smpboot: Allowing 2 CPUs, 0 hotplug CPUs
[    0.000000] PM: Registered nosave memory: [mem 0x00000000-0x00000fff]
[    0.000000] PM: Registered nosave memory: [mem 0x0009f000-0x0009ffff]
[    0.000000] PM: Registered nosave memory: [mem 0x000a0000-0x000effff]
[    0.000000] PM: Registered nosave memory: [mem 0x000f0000-0x000fffff]
[    0.000000] PM: Registered nosave memory: [mem 0xdfff0000-0xdfffffff]
[    0.000000] PM: Registered nosave memory: [mem 0xe0000000-0xfebfffff]
[    0.000000] PM: Registered nosave memory: [mem 0xfec00000-0xfec00fff]
[    0.000000] PM: Registered nosave memory: [mem 0xfec01000-0xfedfffff]
[    0.000000] PM: Registered nosave memory: [mem 0xfee00000-0xfee00fff]
[    0.000000] PM: Registered nosave memory: [mem 0xfee01000-0xfffbffff]
[    0.000000] PM: Registered nosave memory: [mem 0xfffc0000-0xffffffff]
[    0.000000] e820: [mem 0xe0000000-0xfebfffff] available for PCI devices
[    0.000000] Booting paravirtualized kernel on KVM
[    0.000000] clocksource: refined-jiffies: mask: 0xffffffff max_cycles: 0xffffffff, max_idle_ns: 7645519600211568 ns
[    0.000000] setup_percpu: NR_CPUS:512 nr_cpumask_bits:512 nr_cpu_ids:2 nr_node_ids:1
[    0.000000] PERCPU: Embedded 33 pages/cpu @ffff88011fc00000 s95192 r8192 d31784 u1048576
[    0.000000] Built 1 zonelists in Node order, mobility grouping on.  Total pages: 1032056
[    0.000000] Policy zone: Normal
[    0.000000] Kernel command line: BOOT_IMAGE=/boot/vmlinuz-4.4.0-210-generic root=UUID=ce38f626-b02a-496e-9acf-8cacdd6a07eb ro console=tty1 console=ttyS0
[    0.000000] PID hash table entries: 4096 (order: 3, 32768 bytes)
[    0.000000] Memory: 4028308K/4193848K available (8644K kernel code, 1332K rwdata, 4044K rodata, 1492K init, 1164K bss, 165540K reserved, 0K cma-reserved)
[    0.000000] SLUB: HWalign=64, Order=0-3, MinObjects=0, CPUs=2, Nodes=1
[    0.000000] Kernel/User page tables isolation: enabled
[    0.000000] Hierarchical RCU implementation.
[    0.000000] 	Build-time adjustment of leaf fanout to 64.
[    0.000000] 	RCU restricting CPUs from NR_CPUS=512 to nr_cpu_ids=2.
[    0.000000] RCU: Adjusting geometry for rcu_fanout_leaf=64, nr_cpu_ids=2
[    0.000000] NR_IRQS:33024 nr_irqs:440 16
[    0.000000] Console: colour VGA+ 80x25
[    0.000000] console [tty1] enabled
[    0.000000] console [ttyS0] enabled
[    0.000000] tsc: Detected 2294.692 MHz processor
[    0.624414] Calibrating delay loop (skipped) preset value.. 4589.38 BogoMIPS (lpj=9178768)
[    0.628621] pid_max: default: 32768 minimum: 301
[    0.630823] ACPI: Core revision 20150930
[    0.637411] ACPI: 2 ACPI AML tables successfully acquired and loaded
[    0.640634] Security Framework initialized
[    0.642727] Yama: becoming mindful.
[    0.644766] AppArmor: AppArmor initialized
[    0.650516] Dentry cache hash table entries: 524288 (order: 10, 4194304 bytes)
[    0.663883] Inode-cache hash table entries: 262144 (order: 9, 2097152 bytes)
[    0.668680] Mount-cache hash table entries: 8192 (order: 4, 65536 bytes)
[    0.671773] Mountpoint-cache hash table entries: 8192 (order: 4, 65536 bytes)
[    0.678471] Initializing cgroup subsys io
[    0.680851] Initializing cgroup subsys memory
[    0.682997] Initializing cgroup subsys devices
[    0.685267] Initializing cgroup subsys freezer
[    0.687611] Initializing cgroup subsys net_cls
[    0.690086] Initializing cgroup subsys perf_event
[    0.692379] Initializing cgroup subsys net_prio
[    0.694672] Initializing cgroup subsys hugetlb
[    0.696806] Initializing cgroup subsys pids
[    0.700176] mce: CPU supports 0 MCE banks
[    0.702448] Last level iTLB entries: 4KB 64, 2MB 8, 4MB 8
[    0.704964] Last level dTLB entries: 4KB 64, 2MB 0, 4MB 0, 1GB 4
[    0.707916] Spectre V1 : Mitigation: usercopy/swapgs barriers and __user pointer sanitization
[    0.712416] Spectre V2 : Mitigation: Full generic retpoline
[    0.715148] Spectre V2 : Spectre v2 / SpectreRSB mitigation: Filling RSB on context switch
[    0.719475] Speculative Store Bypass: Vulnerable
[    0.721794] SRBDS: Unknown: Dependent on hypervisor status
[    0.724539] MDS: Mitigation: Clear CPU buffers
[    0.732980] Freeing SMP alternatives memory: 36K
[    0.749868] ftrace: allocating 32380 entries in 127 pages
[    0.880605] smpboot: APIC(0) Converting physical 0 to logical package 0
[    0.883507] smpboot: Max logical packages: 1
[    0.886393] x2apic enabled
[    0.888792] Switched APIC routing to physical x2apic.
[    0.894450] ..TIMER: vector=0x30 apic1=0 pin1=2 apic2=-1 pin2=-1
[    1.005446] smpboot: CPU0: Intel(R) Core(TM) i5-5300U CPU @ 2.30GHz (family: 0x6, model: 0x3d, stepping: 0x4)
[    1.011131] Performance Events: unsupported p6 CPU model 61 no PMU driver, software events only.
[    1.033424] KVM setup paravirtual spinlock
[    1.036728] x86: Booting SMP configuration:
[    1.038890] .... node  #0, CPUs:      #1
[    1.040914] kvm-clock: cpu 1, msr 1:1ffef041, secondary cpu clock
[    1.044444] mce: CPU supports 0 MCE banks
[    1.048084] x86: Booted up 1 node, 2 CPUs
[    1.051026] smpboot: Total of 2 processors activated (9178.76 BogoMIPS)
[    1.054770] devtmpfs: initialized
[    1.070881] evm: security.selinux
[    1.072719] evm: security.SMACK64
[    1.074663] evm: security.SMACK64EXEC
[    1.076693] evm: security.SMACK64TRANSMUTE
[    1.078833] evm: security.SMACK64MMAP
[    1.080737] evm: security.ima
[    1.082495] evm: security.capability
[    1.084710] clocksource: jiffies: mask: 0xffffffff max_cycles: 0xffffffff, max_idle_ns: 7645041785100000 ns
[    1.089308] futex hash table entries: 512 (order: 3, 32768 bytes)
[    1.092238] pinctrl core: initialized pinctrl subsystem
[    1.095096] RTC time:  4:15:57, date: 09/23/21
[    1.097582] NET: Registered protocol family 16
[    1.109284] cpuidle: using governor ladder
[    1.123576] cpuidle: using governor menu
[    1.126022] PCCT header not found.
[    1.127995] ACPI: bus type PCI registered
[    1.130280] acpiphp: ACPI Hot Plug PCI Controller Driver version: 0.5
[    1.133457] PCI: Using configuration type 1 for base access
[    1.169202] ACPI: Added _OSI(Module Device)
[    1.173903] ACPI: Added _OSI(Processor Device)
[    1.178920] ACPI: Added _OSI(3.0 _SCP Extensions)
[    1.184264] ACPI: Added _OSI(Processor Aggregator Device)
[    1.193940] ACPI: Executed 1 blocks of module-level executable AML code
[    1.207265] ACPI: Interpreter enabled
[    1.209837] ACPI: (supports S0 S5)
[    1.212249] ACPI: Using IOAPIC for interrupt routing
[    1.215942] PCI: Using host bridge windows from ACPI; if necessary, use "pci=nocrs" and report a bug
[    1.233360] ACPI: PCI Root Bridge [PCI0] (domain 0000 [bus 00-ff])
[    1.236091] acpi PNP0A03:00: _OSC: OS supports [ASPM ClockPM Segments MSI]
[    1.240139] acpi PNP0A03:00: _OSC: not requesting OS control; OS requires [ExtendedConfig ASPM ClockPM MSI]
[    1.244716] acpi PNP0A03:00: fail to add MMCONFIG information, can't access extended PCI configuration space under this bridge.
[    1.288674] PCI host bridge to bus 0000:00
[    1.290738] pci_bus 0000:00: root bus resource [io  0x0000-0x0cf7 window]
[    1.293710] pci_bus 0000:00: root bus resource [io  0x0d00-0xffff window]
[    1.296710] pci_bus 0000:00: root bus resource [mem 0x000a0000-0x000bffff window]
[    1.300470] pci_bus 0000:00: root bus resource [mem 0xe0000000-0xfdffffff window]
[    1.304147] pci_bus 0000:00: root bus resource [bus 00-ff]
[    1.316412] pci 0000:00:01.1: legacy IDE quirk: reg 0x10: [io  0x01f0-0x01f7]
[    1.319781] pci 0000:00:01.1: legacy IDE quirk: reg 0x14: [io  0x03f6]
[    1.322749] pci 0000:00:01.1: legacy IDE quirk: reg 0x18: [io  0x0170-0x0177]
[    1.325914] pci 0000:00:01.1: legacy IDE quirk: reg 0x1c: [io  0x0376]
[    1.378877] pci 0000:00:07.0: quirk: [io  0x4000-0x403f] claimed by PIIX4 ACPI
[    1.382659] pci 0000:00:07.0: quirk: [io  0x4100-0x410f] claimed by PIIX4 SMB
[    1.404759] ACPI: PCI Interrupt Link [LNKA] (IRQs 5 9 10 *11)
[    1.413995] ACPI: PCI Interrupt Link [LNKB] (IRQs 5 9 *10 11)
[    1.417811] ACPI: PCI Interrupt Link [LNKC] (IRQs 5 *9 10 11)
[    1.421679] ACPI: PCI Interrupt Link [LNKD] (IRQs 5 9 10 *11)
[    1.425571] ACPI: Enabled 2 GPEs in block 00 to 07
[    1.429007] vgaarb: setting as boot device: PCI:0000:00:02.0
[    1.431646] vgaarb: device added: PCI:0000:00:02.0,decodes=io+mem,owns=io+mem,locks=none
[    1.435774] vgaarb: loaded
[    1.437417] vgaarb: bridge control possible 0000:00:02.0
[    1.440456] SCSI subsystem initialized
[    1.442590] ACPI: bus type USB registered
[    1.444710] usbcore: registered new interface driver usbfs
[    1.447245] usbcore: registered new interface driver hub
[    1.449720] usbcore: registered new device driver usb
[    1.452612] PCI: Using ACPI for IRQ routing
[    1.455188] NetLabel: Initializing
[    1.457085] NetLabel:  domain hash size = 128
[    1.459274] NetLabel:  protocols = UNLABELED CIPSOv4
[    1.462239] NetLabel:  unlabeled traffic allowed by default
[    1.465783] amd_nb: Cannot enumerate AMD northbridges
[    1.472605] clocksource: Switched to clocksource kvm-clock
[    1.502162] AppArmor: AppArmor Filesystem Enabled
[    1.505250] pnp: PnP ACPI init
[    1.509549] pnp: PnP ACPI: found 3 devices
[    1.521886] clocksource: acpi_pm: mask: 0xffffff max_cycles: 0xffffff, max_idle_ns: 2085701024 ns
[    1.527616] NET: Registered protocol family 2
[    1.530828] TCP established hash table entries: 32768 (order: 6, 262144 bytes)
[    1.535931] TCP bind hash table entries: 32768 (order: 7, 524288 bytes)
[    1.547316] TCP: Hash tables configured (established 32768 bind 32768)
[    1.551499] UDP hash table entries: 2048 (order: 4, 65536 bytes)
[    1.555181] UDP-Lite hash table entries: 2048 (order: 4, 65536 bytes)
[    1.559443] NET: Registered protocol family 1
[    1.562816] pci 0000:00:00.0: Limiting direct PCI/PCI transfers
[    1.566439] pci 0000:00:01.0: Activating ISA DMA hang workarounds
[    1.570566] Unpacking initramfs...
[    2.228139] Freeing initrd memory: 14884K
[    2.230436] PCI-DMA: Using software bounce buffering for IO (SWIOTLB)
[    2.233261] software IO TLB: mapped [mem 0xdbff0000-0xdfff0000] (64MB)
[    2.236884] RAPL PMU detected, API unit is 2^-32 Joules, 4 fixed counters 10737418240 ms ovfl timer
[    2.241174] hw unit of domain pp0-core 2^-0 Joules
[    2.243700] hw unit of domain package 2^-0 Joules
[    2.246812] hw unit of domain dram 2^-0 Joules
[    2.249594] hw unit of domain pp1-gpu 2^-0 Joules
[    2.252587] clocksource: tsc: mask: 0xffffffffffffffff max_cycles: 0x21139ef1243, max_idle_ns: 440795281462 ns
[    2.257621] platform rtc_cmos: registered platform RTC device (no PNP device found)
[    2.261615] Scanning for low memory corruption every 60 seconds
[    2.265392] audit: initializing netlink subsys (disabled)
[    2.267896] audit: type=2000 audit(1632370564.506:1): initialized
[    2.271332] Initialise system trusted keyring
[    2.273665] HugeTLB registered 2 MB page size, pre-allocated 0 pages
[    2.280294] zbud: loaded
[    2.282448] VFS: Disk quotas dquot_6.6.0
[    2.284698] VFS: Dquot-cache hash table entries: 512 (order 0, 4096 bytes)
[    2.288234] squashfs: version 4.0 (2009/01/31) Phillip Lougher
[    2.291723] fuse init (API version 7.23)
[    2.294065] Key type big_key registered
[    2.296163] Allocating IMA MOK and blacklist keyrings.
[    2.307973] Key type asymmetric registered
[    2.310186] Asymmetric key parser 'x509' registered
[    2.312573] Block layer SCSI generic (bsg) driver version 0.4 loaded (major 249)
[    2.316586] io scheduler noop registered
[    2.318651] io scheduler deadline registered (default)
[    2.321143] io scheduler cfq registered
[    2.323305] pci_hotplug: PCI Hot Plug PCI Core version: 0.5
[    2.325877] pciehp: PCI Express Hot Plug Controller Driver version: 0.4
[    2.328997] ACPI: AC Adapter [AC] (off-line)
[    2.331237] input: Power Button as /devices/LNXSYSTM:00/LNXPWRBN:00/input/input0
[    2.335077] ACPI: Power Button [PWRF]
[    2.337184] input: Sleep Button as /devices/LNXSYSTM:00/LNXSLPBN:00/input/input1
[    2.340935] ACPI: Sleep Button [SLPF]
[    2.343312] GHES: HEST is not enabled!
[    2.345199] ACPI: Battery Slot [BAT0] (battery present)
[    2.347996] Serial: 8250/16550 driver, 32 ports, IRQ sharing enabled
[    2.372357] 00:02: ttyS0 at I/O 0x3f8 (irq = 4, base_baud = 115200) is a 16550A
[    2.380591] Linux agpgart interface v0.103
[    2.395781] loop: module loaded
[    2.399038] scsi host0: ata_piix
[    2.401110] scsi host1: ata_piix
[    2.402920] ata1: PATA max UDMA/33 cmd 0x1f0 ctl 0x3f6 bmdma 0xd000 irq 14
[    2.405896] ata2: PATA max UDMA/33 cmd 0x170 ctl 0x376 bmdma 0xd008 irq 15
[    2.409766] libphy: Fixed MDIO Bus: probed
[    2.411923] tun: Universal TUN/TAP device driver, 1.6
[    2.414466] tun: (C) 1999-2004 Max Krasnyansky <maxk@qualcomm.com>
[    2.417459] PPP generic driver version 2.4.2
[    2.419710] ehci_hcd: USB 2.0 'Enhanced' Host Controller (EHCI) Driver
[    2.422697] ehci-pci: EHCI PCI platform driver
[    2.424985] ehci-platform: EHCI generic platform driver
[    2.427601] ohci_hcd: USB 1.1 'Open' Host Controller (OHCI) Driver
[    2.430536] ohci-pci: OHCI PCI platform driver
[    2.432735] ohci-platform: OHCI generic platform driver
[    2.435246] uhci_hcd: USB Universal Host Controller Interface driver
[    2.438194] i8042: PNP: PS/2 Controller [PNP0303:PS2K,PNP0f03:PS2M] at 0x60,0x64 irq 1,12
[    2.443213] serio: i8042 KBD port at 0x60,0x64 irq 1
[    2.445902] serio: i8042 AUX port at 0x60,0x64 irq 12
[    2.448772] mousedev: PS/2 mouse device common for all mice
[    2.451893] input: AT Translated Set 2 keyboard as /devices/platform/i8042/serio0/input/input2
[    2.456946] rtc_cmos rtc_cmos: rtc core: registered rtc_cmos as rtc0
[    2.460016] rtc_cmos rtc_cmos: alarms up to one day, 114 bytes nvram
[    2.463383] i2c /dev entries driver
[    2.466048] device-mapper: uevent: version 1.0.3
[    2.468693] device-mapper: ioctl: 4.34.0-ioctl (2015-10-28) initialised: dm-devel@redhat.com
[    2.472785] ledtrig-cpu: registered to indicate activity on CPUs
[    2.476162] NET: Registered protocol family 10
[    2.478626] NET: Registered protocol family 17
[    2.480876] Key type dns_resolver registered
[    2.483720] registered taskstats version 1
[    2.485982] Loading compiled-in X.509 certificates
[    2.489443] Loaded X.509 cert 'Build time autogenerated kernel key: cf00e047681d67edb2720680708b7d9498083038'
[    2.494186] zswap: loaded using pool lzo/zbud
[    2.499729] Key type trusted registered
[    2.507607] Key type encrypted registered
[    2.509899] AppArmor: AppArmor sha1 policy hashing enabled
[    2.512331] ima: No TPM chip found, activating TPM-bypass!
[    2.514973] ima: Allocated hash algorithm: sha1
[    2.517270] evm: HMAC attrs: 0x1
[    2.519520]   Magic number: 5:887:262
[    2.521687] rtc_cmos rtc_cmos: setting system clock to 2021-09-23 04:15:59 UTC (1632370559)
[    2.525962] BIOS EDD facility v0.16 2004-Jun-25, 0 devices found
[    2.528575] EDD information not available.
[    3.493703] Freeing unused kernel memory: 1492K
[    3.513474] Write protecting the kernel read-only data: 14336k
[    3.521711] Freeing unused kernel memory: 1584K
[    3.527558] Freeing unused kernel memory: 52K
Loading, please wait...
starting version 229
[    3.582155] random: systemd-udevd: uninitialized urandom read (16 bytes read, 7 bits of entropy available)
[    3.583963] random: udevadm: uninitialized urandom read (16 bytes read, 7 bits of entropy available)
[    3.584035] random: udevadm: uninitialized urandom read (16 bytes read, 7 bits of entropy available)
[    3.610094] random: systemd-udevd: uninitialized urandom read (16 bytes read, 7 bits of entropy available)
[    3.617306] random: udevadm: uninitialized urandom read (16 bytes read, 7 bits of entropy available)
[    3.617419] random: udevadm: uninitialized urandom read (16 bytes read, 7 bits of entropy available)
[    3.617848] random: udevadm: uninitialized urandom read (16 bytes read, 7 bits of entropy available)
[    3.617992] random: udevadm: uninitialized urandom read (16 bytes read, 7 bits of entropy available)
[    3.618139] random: udevadm: uninitialized urandom read (16 bytes read, 7 bits of entropy available)
[    3.618285] random: udevadm: uninitialized urandom read (16 bytes read, 7 bits of entropy available)
[    3.707357] Fusion MPT base driver 3.04.20
[    3.710279] Copyright (c) 1999-2008 LSI Corporation
[    3.729670] e1000: Intel(R) PRO/1000 Network Driver - version 7.3.21-k8-NAPI
[    3.733838] e1000: Copyright (c) 1999-2006 Intel Corporation.
[    3.755763] Fusion MPT SPI Host driver 3.04.20
[    3.796528] AVX2 version of gcm_enc/dec engaged.
[    3.798848] AES CTR mode by8 optimization enabled
[    3.928237] input: ImExPS/2 Generic Explorer Mouse as /devices/platform/i8042/serio1/input/input4
[    4.283767] e1000 0000:00:03.0 eth0: (PCI:33MHz:32-bit) 02:ed:98:3c:8e:82
[    4.286985] e1000 0000:00:03.0 eth0: Intel(R) PRO/1000 Network Connection
[    4.291713] mptbase: ioc0: Initiating bringup
[    4.293215] e1000 0000:00:03.0 enp0s3: renamed from eth0
[    4.359267] ioc0: LSI53C1030 A0: Capabilities={Initiator}
[    4.542321] scsi host2: ioc0: LSI53C1030 A0, FwRev=00000000h, Ports=1, MaxQ=256, IRQ=20
[    4.670331] scsi 2:0:0:0: Direct-Access     VBOX     HARDDISK         1.0  PQ: 0 ANSI: 5
[    4.686262] scsi target2:0:0: Beginning Domain Validation
[    4.701667] scsi target2:0:0: Domain Validation skipping write tests
[    4.709389] scsi target2:0:0: Ending Domain Validation
[    4.714727] scsi target2:0:0: asynchronous
[    4.721018] scsi 2:0:1:0: Direct-Access     VBOX     HARDDISK         1.0  PQ: 0 ANSI: 5
[    4.729974] scsi target2:0:1: Beginning Domain Validation
[    4.738188] scsi target2:0:1: Domain Validation skipping write tests
[    4.741702] scsi target2:0:1: Ending Domain Validation
[    4.744878] scsi target2:0:1: asynchronous
[    4.755549] sd 2:0:0:0: [sda] 83886080 512-byte logical blocks: (42.9 GB/40.0 GiB)
[    4.756025] sd 2:0:0:0: Attached scsi generic sg0 type 0
[    4.757327] sd 2:0:1:0: Attached scsi generic sg1 type 0
[    4.757847] sd 2:0:1:0: [sdb] 20480 512-byte logical blocks: (10.5 MB/10.0 MiB)
[    4.758191] sd 2:0:1:0: [sdb] Write Protect is off
[    4.758401] sd 2:0:1:0: [sdb] Incomplete mode parameter data
[    4.758405] sd 2:0:1:0: [sdb] Assuming drive cache: write through
[    4.762353] sd 2:0:1:0: [sdb] Attached SCSI disk
[    4.787446] sd 2:0:0:0: [sda] Write Protect is off
[    4.791086] sd 2:0:0:0: [sda] Incomplete mode parameter data
[    4.794608] sd 2:0:0:0: [sda] Assuming drive cache: write through
[    4.800696]  sda: sda1
[    4.804447] sd 2:0:0:0: [sda] Attached SCSI disk
Begin: Loading essential drivers ... [    6.928410] md: linear personality registered for level -1
[    6.935435] md: multipath personality registered for level -4
[    6.943006] md: raid0 personality registered for level 0
[    6.953027] md: raid1 personality registered for level 1
[    7.028673] raid6: sse2x1   gen()  2258 MB/s
[    7.096677] raid6: sse2x1   xor()  1455 MB/s
[    7.164647] raid6: sse2x2   gen()  4037 MB/s
[    7.232644] raid6: sse2x2   xor()  2819 MB/s
[    7.300676] raid6: sse2x4   gen()  6236 MB/s
[    7.368646] raid6: sse2x4   xor()  3673 MB/s
[    7.436636] raid6: avx2x1   gen()  4759 MB/s
[    7.504653] raid6: avx2x2   gen()  7243 MB/s
[    7.572636] raid6: avx2x4   gen() 11514 MB/s
[    7.574817] raid6: using algorithm avx2x4 gen() 11514 MB/s
[    7.577308] raid6: using avx2x2 recovery algorithm
[    7.582002] xor: automatically using best checksumming function:
[    7.620668]    avx       : 13635.000 MB/sec
[    7.625480] async_tx: api initialized (async)
[    7.642842] md: raid6 personality registered for level 6
[    7.645682] md: raid5 personality registered for level 5
[    7.648222] md: raid4 personality registered for level 4
[    7.662098] md: raid10 personality registered for level 10
done.
Begin: Running /scripts/init-premount ... done.
Begin: Mounting root file system ... Begin: Running /scripts/local-top ... done.
Begin: Running /scripts/local-premount ... [    7.732587] Btrfs loaded
Scanning for Btrfs filesystems
done.
Warning: fsck not present, so skipping root file system
[    7.777377] EXT4-fs (sda1): INFO: recovery required on readonly filesystem
[    7.780761] EXT4-fs (sda1): write access will be enabled during recovery
[    7.996256] EXT4-fs (sda1): recovery complete
[    7.998650] EXT4-fs (sda1): mounted filesystem with ordered data mode. Opts: (null)
done.
Begin: Running /scripts/local-bottom ... done.
Begin: Running /scripts/init-bottom ... done.
[    8.201427] systemd[1]: systemd 229 running in system mode. (+PAM +AUDIT +SELINUX +IMA +APPARMOR +SMACK +SYSVINIT +UTMP +LIBCRYPTSETUP +GCRYPT +GNUTLS +ACL +XZ -LZ4 +SECCOMP +BLKID +ELFUTILS +KMOD -IDN)
[    8.219624] systemd[1]: Detected virtualization oracle.
[    8.223829] systemd[1]: Detected architecture x86-64.

Welcome to [1mUbuntu 16.04.7 LTS[0m!

[    8.232119] systemd[1]: Set hostname to <ubuntu-xenial>.
[    8.606065] random: nonblocking pool is initialized
[    8.781200] systemd[1]: Reached target User and Group Name Lookups.
[[0;32m  OK  [0m] Reached target User and Group Name Lookups.
[    8.786115] systemd[1]: Listening on LVM2 metadata daemon socket.
[[0;32m  OK  [0m] Listening on LVM2 metadata daemon socket.
[    8.790651] systemd[1]: Reached target Encrypted Volumes.
[[0;32m  OK  [0m] Reached target Encrypted Volumes.
[    8.794919] systemd[1]: Listening on udev Kernel Socket.
[[0;32m  OK  [0m] Listening on udev Kernel Socket.
[    8.799662] systemd[1]: Created slice System Slice.
[[0;32m  OK  [0m] Created slice System Slice.
[    8.804229] systemd[1]: Created slice system-postgresql.slice.
[[0;32m  OK  [0m] Created slice system-postgresql.slice.
[    8.808838] systemd[1]: Listening on Journal Audit Socket.
[[0;32m  OK  [0m] Listening on Journal Audit Socket.
[    8.813149] systemd[1]: Started Trigger resolvconf update for networkd DNS.
[[0;32m  OK  [0m] Started Trigger resolvconf update for networkd DNS.
[    8.818142] systemd[1]: Listening on LVM2 poll daemon socket.
[[0;32m  OK  [0m] Listening on LVM2 poll daemon socket.
[    8.822649] systemd[1]: Listening on Device-mapper event daemon FIFOs.
[[0;32m  OK  [0m] Listening on Device-mapper event daemon FIFOs.
[    8.827263] systemd[1]: Listening on fsck to fsckd communication Socket.
[[0;32m  OK  [0m] Listening on fsck to fsckd communication Socket.
[    8.832543] systemd[1]: Created slice User and Session Slice.
[[0;32m  OK  [0m] Created slice User and Session Slice.
[    8.838059] systemd[1]: Reached target Slices.
[[0;32m  OK  [0m] Reached target Slices.
[    8.841858] systemd[1]: Listening on Journal Socket.
[[0;32m  OK  [0m] Listening on Journal Socket.
[    8.857344] systemd[1]: Starting Uncomplicated firewall...
         Starting Uncomplicated firewall...
[    8.863880] systemd[1]: Mounting Huge Pages File System...
         Mounting Huge Pages File System...
[    8.872057] systemd[1]: Mounting POSIX Message Queue File System...
         Mounting POSIX Message Queue File System...
[    8.879112] systemd[1]: Starting Monitoring of LVM2 mirrors, snapshots etc. using dmeventd or progress polling...
         Starting Monitoring of LVM2 mirrors... dmeventd or progress polling...
[    8.888861] systemd[1]: Starting Nameserver information manager...
         Starting Nameserver information manager...
[    8.904964] systemd[1]: Starting File System Check on Root Device...
         Starting File System Check on Root Device...
[    8.911112] systemd[1]: Reached target Swap.
[[0;32m  OK  [0m] Reached target Swap.
[    8.917745] systemd[1]: Mounting Debug File System...
         Mounting Debug File System...
[    8.935574] systemd[1]: Reached target System Time Synchronized.
[[0;32m  OK  [0m] Reached target System Time Synchronized.
[    8.943122] systemd[1]: Created slice system-serial\x2dgetty.slice.
[[0;32m  OK  [0m] Created slice system-serial\x2dgetty.slice.
[    8.964836] systemd[1]: Starting Set console keymap...
         Starting Set console keymap...
[    8.970026] systemd[1]: Listening on udev Control Socket.
[[0;32m  OK  [0m] Listening on udev Control Socket.
[    8.975677] systemd[1]: Listening on /dev/initctl Compatibility Named Pipe.
[[0;32m  OK  [0m] Listening on /dev/initctl Compatibility Named Pipe.
[    8.983402] systemd[1]: Starting Load Kernel Modules...
         Starting Load Kernel Modules...
[    8.988810] systemd[1]: Listening on Syslog Socket.
[[0;32m  OK  [0m] Listening on Syslog Socket.
[    8.997234] systemd[1]: Started Forward Password Requests to Wall Directory Watch.
[    9.002547] Loading iSCSI transport class v2.0-870.
[[0;32m  OK  [0m] Started Forward Password Requests to Wall Directory Watch.
[    9.007090] systemd[1]: Listening on Journal Socket (/dev/log).
[[0;32m  OK  [0m] Listening on Journal Socket (/dev/log).
[    9.024410] iscsi: registered transport (tcp)
[    9.032853] systemd[1]: Starting Journal Service...
         Starting Journal Service...
[    9.040740] systemd[1]: Starting Create list of required static device nodes for the current kernel...
         Starting Create list of required st... nodes for the current kernel...
[    9.051221] systemd[1]: Set up automount Arbitrary Executable File Formats File System Automount Point.
[[0;32m  OK  [0m] Set up automount Arbitrary Executab...ats File System Automount Point.
[    9.095739] iscsi: registered transport (iser)
[    9.098547] systemd[1]: Mounted POSIX Message Queue File System.
[[0;32m  OK  [0m] Mounted POSIX Message Queue File System.
[    9.104678] systemd[1]: Mounted Debug File System.
[[0;32m  OK  [0m] Mounted Debug File System.
[    9.120250] systemd[1]: Mounted Huge Pages File System.
[[0;32m  OK  [0m] Mounted Huge Pages File System.
[    9.126980] systemd[1]: Started Uncomplicated firewall.
[[0;32m  OK  [0m] Started Uncomplicated firewall.
[    9.162047] systemd[1]: Started File System Check on Root Device.
[[0;32m  OK  [0m] Started File System Check on Root Device.
[    9.170892] systemd[1]: Started Load Kernel Modules.
[[0;32m  OK  [0m] Started Load Kernel Modules.
[    9.177189] systemd[1]: Started Create list of required static device nodes for the current kernel.
[[0;32m  OK  [0m] Started Create list of required sta...ce nodes for the current kernel.
[    9.209380] systemd[1]: Started Nameserver information manager.
[[0;32m  OK  [0m] Started Nameserver information manager.
[    9.215862] systemd[1]: Started Set console keymap.
[[0;32m  OK  [0m] Started Set console keymap.
[    9.225765] systemd[1]: Started Journal Service.
[[0;32m  OK  [0m] Started Journal Service.
[[0;32m  OK  [0m] Started File System Check Daemon to report status.
[[0;32m  OK  [0m] Started LVM2 metadata daemon.
         Starting Create Static Device Nodes in /dev...
         Starting Apply Kernel Variables...
         Mounting FUSE Control File System...
         Starting Remount Root and Kernel File Systems...
[[0;32m  OK  [0m] Mounted FUSE Control File System.
[[0;32m  OK  [0m] Started Create Static Device Nodes in /dev.
[[0;32m  OK  [0m] Started Apply Kernel Variables.
[[0;32m  OK  [0m] Started Remount Root and Kernel File Systems.
         Starting Flush Journal to Persistent Storage...
         Starting Load/Save Random Seed...
         Starting udev Coldplug all Devices...
         Starting udev Kernel Device Manager...
[[0;32m  OK  [0m] Started Load/Save Random Seed.
[[0;32m  OK  [0m] Started Flush Journal to Persistent Storage.
[[0;32m  OK  [0m] Started udev Kernel Device Manager.
[[0;32m  OK  [0m] Started udev Coldplug all Devices.
[[0;32m  OK  [0m] Started Dispatch Password Requests to Console Directory Watch.
[[0;32m  OK  [0m] Found device /dev/ttyS0.
[[0;32m  OK  [0m] Started Monitoring of LVM2 mirrors,...ng dmeventd or progress polling.
[[0;32m  OK  [0m] Reached target Local File Systems (Pre).
[[0;32m  OK  [0m] Reached target Local File Systems.
         Starting Set console font and keymap...
         Starting Initial cloud-init job (pre-networking)...
         Starting LSB: AppArmor initialization...
         Starting Tell Plymouth To Write Out Runtime Data...
         Starting Create Volatile Files and Directories...
[[0;32m  OK  [0m] Started Tell Plymouth To Write Out Runtime Data.
[[0;32m  OK  [0m] Started Create Volatile Files and Directories.
         Starting Update UTMP about System Boot/Shutdown...
[[0;32m  OK  [0m] Started Update UTMP about System Boot/Shutdown.
[[0;32m  OK  [0m] Listening on Load/Save RF Kill Switch Status /dev/rfkill Watch.
[[0;32m  OK  [0m] Started LSB: AppArmor initialization.
         Starting Load AppArmor profiles managed internally by snapd...
[[0;32m  OK  [0m] Started Load AppArmor profiles managed internally by snapd.
[[0;32m  OK  [0m] Found device 82540EM Gigabit Ethern...r (PRO/1000 MT Desktop Adapter).
[   11.278883] cloud-init[512]: Cloud-init v. 21.1-19-gbad84ad4-0ubuntu1~16.04.2 running 'init-local' at Thu, 23 Sep 2021 04:16:08 +0000. Up 10.70 seconds.
[[0;32m  OK  [0m] Started Initial cloud-init job (pre-networking).
[[0;32m  OK  [0m] Reached target Network (Pre).
         Starting Raise network interfaces...
[[0;32m  OK  [0m] Started ifup for enp0s3.
[[0;32m  OK  [0m] Started Set console font and keymap.
[[0;32m  OK  [0m] Created slice system-getty.slice.
[[0;32m  OK  [0m] Started Raise network interfaces.
[[0;32m  OK  [0m] Reached target Network.
         Starting Initial cloud-init job (metadata service crawler)...
[   13.909124] cloud-init[982]: Cloud-init v. 21.1-19-gbad84ad4-0ubuntu1~16.04.2 running 'init' at Thu, 23 Sep 2021 04:16:11 +0000. Up 13.33 seconds.
[   13.912647] cloud-init[982]: ci-info: ++++++++++++++++++++++++++++++++++++++Net device info++++++++++++++++++++++++++++++++++++++
[   13.916462] cloud-init[982]: ci-info: +--------+------+----------------------------+---------------+--------+-------------------+
[   13.924375] cloud-init[982]: ci-info: | Device |  Up  |          Address           |      Mask     | Scope  |     Hw-Address    |
[   13.932444] cloud-init[982]: ci-info: +--------+------+----------------------------+---------------+--------+-------------------+
[   13.935494] cloud-init[982]: ci-info: | enp0s3 | True |         10.0.2.15          | 255.255.255.0 | global | 02:ed:98:3c:8e:82 |
[   13.944458] cloud-init[982]: ci-info: | enp0s3 | True | fe80::ed:98ff:fe3c:8e82/64 |       .       |  link  | 02:ed:98:3c:8e:82 |
[   13.948469] cloud-init[982]: ci-info: |   lo   | True |         127.0.0.1          |   255.0.0.0   |  host  |         .         |
[   13.952563] cloud-init[982]: ci-info: |   lo   | True |          ::1/128           |       .       |  host  |         .         |
[   13.956959] cloud-init[982]: ci-info: +--------+------+----------------------------+---------------+--------+-------------------+
[   13.964608] cloud-init[982]: ci-info: +++++++++++++++++++++++++++Route IPv4 info++++++++++++++++++++++++++++
[   13.968446] cloud-init[982]: ci-info: +-------+-------------+----------+---------------+-----------+-------+
[   13.972543] cloud-init[982]: ci-info: | Route | Destination | Gateway  |    Genmask    | Interface | Flags |
[   13.980694] cloud-init[982]: ci-info: +-------+-------------+----------+---------------+-----------+-------+
[   14.000686] cloud-init[982]: ci-info: |   0   |   0.0.0.0   | 10.0.2.2 |    0.0.0.0    |   enp0s3  |   UG  |
[   14.008689] cloud-init[982]: ci-info: |   1   |   10.0.2.0  | 0.0.0.0  | 255.255.255.0 |   enp0s3  |   U   |
[   14.011658] cloud-init[982]: ci-info: +-------+-------------+----------+---------------+-----------+-------+
[   14.019682] cloud-init[982]: ci-info: +++++++++++++++++++Route IPv6 info+++++++++++++++++++
[   14.022865] cloud-init[982]: ci-info: +-------+-------------+---------+-----------+-------+
[   14.026170] cloud-init[982]: ci-info: | Route | Destination | Gateway | Interface | Flags |
[   14.029537] cloud-init[982]: ci-info: +-------+-------------+---------+-----------+-------+
[   14.032913] cloud-init[982]: ci-info: |   0   |  fe80::/64  |    ::   |   enp0s3  |   U   |
[   14.035598] cloud-init[982]: ci-info: |   4   |   ff00::/8  |    ::   |   enp0s3  |   U   |
[   14.038391] cloud-init[982]: ci-info: +-------+-------------+---------+-----------+-------+
[[0;32m  OK  [0m] Started Initial cloud-init job (metadata service crawler).
[[0;32m  OK  [0m] Reached target Network is Online.
         Starting iSCSI initiator daemon (iscsid)...
[[0;32m  OK  [0m] Reached target System Initialization.
[[0;32m  OK  [0m] Listening on D-Bus System Message Bus Socket.
[[0;32m  OK  [0m] Started ACPI Events Check.
[[0;32m  OK  [0m] Reached target Paths.
[[0;32m  OK  [0m] Started Ubuntu Advantage update messaging.
[[0;32m  OK  [0m] Started Daily Cleanup of Temporary Directories.
[[0;32m  OK  [0m] Started Daily apt download activities.
[[0;32m  OK  [0m] Started Message of the Day.
         Starting LXD - unix socket.
[[0;32m  OK  [0m] Started Daily apt upgrade and clean activities.
[[0;32m  OK  [0m] Reached target Timers.
[[0;32m  OK  [0m] Listening on ACPID Listen Socket.
         Starting Socket activation for snappy daemon.
[[0;32m  OK  [0m] Listening on UUID daemon activation socket.
[[0;32m  OK  [0m] Reached target Cloud-config availability.
[[0;32m  OK  [0m] Listening on LXD - unix socket.
[[0;32m  OK  [0m] Listening on Socket activation for snappy daemon.
[[0;32m  OK  [0m] Reached target Sockets.
[[0;32m  OK  [0m] Reached target Basic System.
         Starting LXD - container startup/shutdown...
         Starting LSB: Record successful boot for GRUB...
         Starting Login Service...
         Starting Message of the Day...
[[0;32m  OK  [0m] Started Deferred execution scheduler.
         Starting PostgreSQL Cluster 9.5-main...
         Starting Ubuntu Advantage APT and MOTD Messages...
         Starting Virtualbox guest utils...
         Starting PostgreSQL Cluster 13-main...
         Starting OpenBSD Secure Shell server...
[[0;32m  OK  [0m] Started FUSE filesystem for LXC.
         Starting System Logging Service...
         Starting Snap Daemon...
[[0;32m  OK  [0m] Started Regular background program processing daemon.
         Starting Accounts Service...
[[0;32m  OK  [0m] Started D-Bus System Message Bus.
         Starting LSB: MD monitoring daemon...
[[0;32m  OK  [0m] Started ACPI event daemon.
         Starting /etc/rc.local Compatibility...
[[0;32m  OK  [0m] Started System Logging Service.
[[0;32m  OK  [0m] Started iSCSI initiator daemon (iscsid).
[[0;32m  OK  [0m] Started Message of the Day.
[[0;32m  OK  [0m] Started /etc/rc.local Compatibility.
[[0;32m  OK  [0m] Started LXD - container startup/shutdown.
         Starting Login to default iSCSI targets...
[[0;32m  OK  [0m] Started Login Service.
[[0;32m  OK  [0m] Started Unattended Upgrades Shutdown.
         Starting Authenticate and Authorize Users to Run Privileged Tasks...
[[0;32m  OK  [0m] Started LSB: Record successful boot for GRUB.
[[0;32m  OK  [0m] Started OpenBSD Secure Shell server.
[[0;32m  OK  [0m] Started LSB: MD monitoring daemon.
[[0;32m  OK  [0m] Started Login to default iSCSI targets.
[[0;32m  OK  [0m] Reached target Remote File Systems (Pre).
         Mounting /home/vagrant/workspace...
         Mounting /vagrant...
[[0;1;31mFAILED[0m] Failed to mount /vagrant.
See 'systemctl status vagrant.mount' for details.
[[0;1;33mDEPEND[0m] Dependency failed for Remote File Systems.
[[0;1;31mFAILED[0m] Failed to mount /home/vagrant/workspace.
See 'systemctl status home-vagrant-workspace.mount' for details.
         Starting LSB: Set the CPU Frequency Scaling governor to "ondemand"...
         Starting Permit User Sessions...
         Starting LSB: automatic crash report generation...
         Starting LSB: Start/stop sysstat's sadc...
         Starting LSB: daemon to balance interrupts for SMP systems...
[[0;32m  OK  [0m] Started Permit User Sessions.
[[0;32m  OK  [0m] Started Authenticate and Authorize Users to Run Privileged Tasks.
[[0;32m  OK  [0m] Started Accounts Service.
         Starting Terminate Plymouth Boot Screen...
         Starting Hold until boot process finishes up...
[[0;32m  OK  [0m] Started Hold until boot process finishes up.
[[0;32m  OK  [0m] Started LSB: Set the CPU Frequency Scaling governor to "ondemand".
[[0;32m  OK  [0m] Started Terminate Plymouth Boot Screen.
         Starting Set console scheme...
[[0;32m  OK  [0m] Started Serial Getty on ttyS0.
[[0;32m  OK  [0m] Started Getty on tty1.
[[0;32m  OK  [0m] Reached target Login Prompts.
[[0;32m  OK  [0m] Started Set console scheme.
[[0;32m  OK  [0m] Started LSB: automatic crash report generation.
[[0;32m  OK  [0m] Started Virtualbox guest utils.
[[0;32m  OK  [0m] Started LSB: Start/stop sysstat's sadc.
[[0;32m  OK  [0m] Started LSB: daemon to balance interrupts for SMP systems.
[[0;32m  OK  [0m] Started Snap Daemon.
         Starting Wait until snapd is fully seeded...
[[0;32m  OK  [0m] Started Wait until snapd is fully seeded.
         Starting Apply the settings specified in cloud-config...
[[0;32m  OK  [0m] Created slice User Slice of vagrant.
         Starting User Manager for UID 1000...
[[0;32m  OK  [0m] Started Session 1 of user vagrant.
[[0;32m  OK  [0m] Started User Manager for UID 1000.
[[0;32m  OK  [0m] Started Ubuntu Advantage APT and MOTD Messages.
[   20.052207] cloud-init[1282]: Cloud-init v. 21.1-19-gbad84ad4-0ubuntu1~16.04.2 running 'modules:config' at Thu, 23 Sep 2021 04:16:16 +0000. Up 19.20 seconds.

Ubuntu 16.04.7 LTS ubuntu-xenial ttyS0

ubuntu-xenial login: [   23.822227] cloud-init[1577]: Cloud-init v. 21.1-19-gbad84ad4-0ubuntu1~16.04.2 running 'modules:final' at Thu, 23 Sep 2021 04:16:21 +0000. Up 23.47 seconds.
[   23.822711] cloud-init[1577]: Cloud-init v. 21.1-19-gbad84ad4-0ubuntu1~16.04.2 finished at Thu, 23 Sep 2021 04:16:21 +0000. Datasource DataSourceNoCloud [seed=/dev/sdb][dsmode=net].  Up 23.80 seconds
[18295.548204] general protection fault: 0000 [#1] SMP 
[18295.550709] Modules linked in: vboxsf isofs crct10dif_pclmul crc32_pclmul ghash_clmulni_intel input_leds serio_raw vboxguest video ib_iser rdma_cm iw_cm ib_cm ib_sa ib_mad ib_core ib_addr iscsi_tcp libiscsi_tcp libiscsi scsi_transport_iscsi autofs4 btrfs raid10 raid456 async_raid6_recov async_memcpy async_pq async_xor async_tx xor raid6_pq libcrc32c raid1 raid0 multipath linear aesni_intel aes_x86_64 glue_helper lrw gf128mul mptspi ablk_helper cryptd scsi_transport_spi mptscsih psmouse mptbase e1000
[18295.570849] CPU: 1 PID: 10201 Comm: git Not tainted 4.4.0-210-generic #242-Ubuntu
[18295.574163] Hardware name: innotek GmbH VirtualBox/VirtualBox, BIOS VirtualBox 12/01/2006
[18295.578160] task: ffff8800c0575580 ti: ffff88011a750000 task.ti: ffff88011a750000
[18295.581469] RIP: 0010:[<ffffffff811fba57>]  [<ffffffff811fba57>] __kmalloc+0x97/0x250
[18295.584869] RSP: 0018:ffff88011a753d98  EFLAGS: 00010202
[18295.587097] RAX: 0000000000000000 RBX: 00000000024000c0 RCX: 00000000000e92a6
[18295.590500] RDX: 00000000000e92a5 RSI: 0000000000000000 RDI: 0000000000019480
[18295.593841] RBP: ffff88011a753dd0 R08: ffff88011fd19480 R09: ffff88011b001b00
[18295.597176] R10: 775f323000360037 R11: 0000000000019ba8 R12: 00000000024000c0
[18295.600467] R13: 0000000000000037 R14: ffffffff812364c2 R15: ffff88011b001b00
[18295.604215] FS:  00007faba370c700(0000) GS:ffff88011fd00000(0000) knlGS:0000000000000000
[18295.609470] CS:  0010 DS: 0000 ES: 0000 CR0: 0000000080050033
[18295.612848] CR2: 0000000001d9e000 CR3: 0000000119ca6000 CR4: 0000000000060670
[18295.616975] DR0: 0000000000000000 DR1: 0000000000000000 DR2: 0000000000000000
[18295.621118] DR3: 0000000000000000 DR6: 00000000fffe0ff0 DR7: 0000000000000400
[18295.625355] Stack:
[18295.627097]  ffffffff811fa431 ffffffff812363a5 ffff8800780de000 ffff88011a753f08
[18295.631829]  ffff8800d9099800 ffff88011a753e77 0000000000000800 ffff88011a753df8
[18295.637247]  ffffffff812364c2 ffff8800780a6f00 ffff8800780a7b40 ffff88011a753f08
[18295.642470] Call Trace:
[18295.644402]  [<ffffffff811fa431>] ? kmem_cache_alloc+0x1a1/0x1f0
[18295.647953]  [<ffffffff812363a5>] ? __d_alloc+0x25/0x180
[18295.651165]  [<ffffffff812364c2>] __d_alloc+0x142/0x180
[18295.654362]  [<ffffffff8123651a>] d_alloc+0x1a/0x90
[18295.657351]  [<ffffffff81228203>] lookup_dcache+0x83/0xb0
[18295.660604]  [<ffffffff8122825d>] __lookup_hash+0x2d/0x60
[18295.663853]  [<ffffffff8122f35c>] SyS_rename+0x2ac/0x3c0
[18295.667071]  [<ffffffff8186bb5b>] entry_SYSCALL_64_fastpath+0x22/0xd0
[18295.670793] Code: 08 65 4c 03 05 c3 17 e1 7e 49 83 78 10 00 4d 8b 10 0f 84 3d 01 00 00 4d 85 d2 0f 84 34 01 00 00 49 63 41 20 48 8d 4a 01 49 8b 39 <49> 8b 1c 02 4c 89 d0 65 48 0f c7 0f 0f 94 c0 84 c0 74 bb 49 63 
[18295.683868] RIP  [<ffffffff811fba57>] __kmalloc+0x97/0x250
[18295.687229]  RSP <ffff88011a753d98>
[18295.690591] ---[ end trace af1b4ed2e11e81ff ]---
[18298.477406] general protection fault: 0000 [#2] SMP 
[18298.487595] Modules linked in: vboxsf isofs crct10dif_pclmul crc32_pclmul ghash_clmulni_intel input_leds serio_raw vboxguest video ib_iser rdma_cm iw_cm ib_cm ib_sa ib_mad ib_core ib_addr iscsi_tcp libiscsi_tcp libiscsi scsi_transport_iscsi autofs4 btrfs raid10 raid456 async_raid6_recov async_memcpy async_pq async_xor async_tx xor raid6_pq libcrc32c raid1 raid0 multipath linear aesni_intel aes_x86_64 glue_helper lrw gf128mul mptspi ablk_helper cryptd scsi_transport_spi mptscsih psmouse mptbase e1000
[18298.535049] CPU: 1 PID: 1275 Comm: postgres Tainted: G      D         4.4.0-210-generic #242-Ubuntu
[18298.540002] Hardware name: innotek GmbH VirtualBox/VirtualBox, BIOS VirtualBox 12/01/2006
[18298.544152] task: ffff880036c55580 ti: ffff8800da6f4000 task.ti: ffff8800da6f4000
[18298.548054] RIP: 0010:[<ffffffff811fa307>]  [<ffffffff811fa307>] kmem_cache_alloc+0x77/0x1f0
[18298.552589] RSP: 0018:ffff8800da6f7d28  EFLAGS: 00010202
[18298.555075] RAX: 0000000000000000 RBX: 0000000002000200 RCX: 00000000000e92ae
[18298.558223] RDX: 00000000000e92ad RSI: 0000000002000200 RDI: 0000000000019480
[18298.561322] RBP: ffff8800da6f7d58 R08: ffff88011fd19480 R09: 775f323000360037
[18298.564422] R10: 0000000000000000 R11: ffffffff81ce33e2 R12: 0000000002000200
[18298.567491] R13: ffffffff811d98dc R14: ffff88011b001b00 R15: ffff88011b001b00
[18298.570670] FS:  00007f1e50288740(0000) GS:ffff88011fd00000(0000) knlGS:0000000000000000
[18298.574747] CS:  0010 DS: 0000 ES: 0000 CR0: 0000000080050033
[18298.577581] CR2: 000056447c2e0468 CR3: 000000011a7ce000 CR4: 0000000000060670
[18298.581106] DR0: 0000000000000000 DR1: 0000000000000000 DR2: 0000000000000000
[18298.584415] DR3: 0000000000000000 DR6: 00000000fffe0ff0 DR7: 0000000000000400
[18298.587967] Stack:
[18298.589472]  00000000026080c0 ffff8800d9f9f320 0000000000000000 ffff88011a259b40
[18298.593907]  ffff8800db1c5bd0 0000000000000021 ffff8800da6f7db0 ffffffff811d98dc
[18298.598299]  ffff8800da235400 ffff88011a35a3e8 ffff8800d9f9f398 ffff88011a35a460
[18298.602805] Call Trace:
[18298.604508]  [<ffffffff811d98dc>] anon_vma_clone+0x6c/0x200
[18298.607111]  [<ffffffff811d9aa2>] anon_vma_fork+0x32/0x140
[18298.609660]  [<ffffffff81084370>] copy_process+0x1900/0x1c30
[18298.612307]  [<ffffffff81084830>] _do_fork+0x80/0x360
[18298.614720]  [<ffffffff81084bb9>] SyS_clone+0x19/0x20
[18298.617159]  [<ffffffff8186bb5b>] entry_SYSCALL_64_fastpath+0x22/0xd0
[18298.620045] Code: 08 65 4c 03 05 13 2f e1 7e 49 83 78 10 00 4d 8b 08 0f 84 2b 01 00 00 4d 85 c9 0f 84 22 01 00 00 49 63 47 20 48 8d 4a 01 49 8b 3f <49> 8b 1c 01 4c 89 c8 65 48 0f c7 0f 0f 94 c0 84 c0 74 bb 49 63 
[18298.637626] RIP  [<ffffffff811fa307>] kmem_cache_alloc+0x77/0x1f0
[18298.640751]  RSP <ffff8800da6f7d28>
[18298.642876] ---[ end trace af1b4ed2e11e8200 ]---
[18299.662396] general protection fault: 0000 [#3] SMP 
[18299.672521] Modules linked in: vboxsf isofs crct10dif_pclmul crc32_pclmul ghash_clmulni_intel input_leds serio_raw vboxguest video ib_iser rdma_cm iw_cm ib_cm ib_sa ib_mad ib_core ib_addr iscsi_tcp libiscsi_tcp libiscsi scsi_transport_iscsi autofs4 btrfs raid10 raid456 async_raid6_recov async_memcpy async_pq async_xor async_tx xor raid6_pq libcrc32c raid1 raid0 multipath linear aesni_intel aes_x86_64 glue_helper lrw gf128mul mptspi ablk_helper cryptd scsi_transport_spi mptscsih psmouse mptbase e1000
[18299.723477] CPU: 1 PID: 1075 Comm: dbus-daemon Tainted: G      D         4.4.0-210-generic #242-Ubuntu
[18299.728751] Hardware name: innotek GmbH VirtualBox/VirtualBox, BIOS VirtualBox 12/01/2006
[18299.732811] task: ffff8800da77b900 ti: ffff880036a74000 task.ti: ffff880036a74000
[18299.736968] RIP: 0010:[<ffffffff811fa08b>]  [<ffffffff811fa08b>] kmem_cache_alloc_trace+0x7b/0x1f0
[18299.741541] RSP: 0018:ffff880036a77da8  EFLAGS: 00010202
[18299.744074] RAX: 0000000000000000 RBX: 00000000024080c0 RCX: 00000000000e92ae
[18299.747352] RDX: 00000000000e92ad RSI: 00000000024080c0 RDI: 0000000000019480
[18299.750694] RBP: ffff880036a77de8 R08: ffff88011fd19480 R09: ffff88011b001b00
[18299.754048] R10: 775f323000360037 R11: 0000000000000202 R12: 00000000024080c0
[18299.757385] R13: ffffffff812a3e53 R14: ffff880036a77ef0 R15: ffff88011b001b00
[18299.760688] FS:  00007f3017b4a8c0(0000) GS:ffff88011fd00000(0000) knlGS:0000000000000000
[18299.764834] CS:  0010 DS: 0000 ES: 0000 CR0: 0000000080050033
[18299.767480] CR2: 000056447c2e0468 CR3: 00000000dae60000 CR4: 0000000000060670
[18299.770813] DR0: 0000000000000000 DR1: 0000000000000000 DR2: 0000000000000000
[18299.774023] DR3: 0000000000000000 DR6: 00000000fffe0ff0 DR7: 0000000000000400
[18299.777285] Stack:
[18299.778792]  ffffffff81d003fd 000000048e09fc00 0000000000000030 ffff8800d98ae6e0
[18299.783490]  ffff8800d98ae6e0 ffff880036a77ef0 ffff880036a77ef0 0000000000000000
[18299.788119]  ffff880036a77ea0 ffffffff812a3e53 21311677cbb13457 0000000100000000
[18299.792778] Call Trace:
[18299.794350]  [<ffffffff812a3e53>] ext4_readdir+0x893/0xa40
[18299.797079]  [<ffffffff81230e08>] iterate_dir+0x98/0x120
[18299.799705]  [<ffffffff81231379>] SyS_getdents+0x99/0x110
[18299.802291]  [<ffffffff81230e90>] ? iterate_dir+0x120/0x120
[18299.805059]  [<ffffffff8186bb5b>] entry_SYSCALL_64_fastpath+0x22/0xd0
[18299.808088] Code: 08 65 4c 03 05 8f 31 e1 7e 49 83 78 10 00 4d 8b 10 0f 84 23 01 00 00 4d 85 d2 0f 84 1a 01 00 00 49 63 41 20 48 8d 4a 01 49 8b 39 <49> 8b 1c 02 4c 89 d0 65 48 0f c7 0f 0f 94 c0 84 c0 74 bb 49 63 
[18299.826973] RIP  [<ffffffff811fa08b>] kmem_cache_alloc_trace+0x7b/0x1f0
[18299.831183]  RSP <ffff880036a77da8>
[18299.833188] ---[ end trace af1b4ed2e11e8201 ]---
[18299.836808] general protection fault: 0000 [#4] SMP 
[18299.839777] Modules linked in: vboxsf isofs crct10dif_pclmul crc32_pclmul ghash_clmulni_intel input_leds serio_raw vboxguest video ib_iser rdma_cm iw_cm ib_cm ib_sa ib_mad ib_core ib_addr iscsi_tcp libiscsi_tcp libiscsi scsi_transport_iscsi autofs4 btrfs raid10 raid456 async_raid6_recov async_memcpy async_pq async_xor async_tx xor raid6_pq libcrc32c raid1 raid0 multipath linear aesni_intel aes_x86_64 glue_helper lrw gf128mul mptspi ablk_helper cryptd scsi_transport_spi mptscsih psmouse mptbase e1000
[18299.868882] CPU: 1 PID: 5919 Comm: Bluez D-Bus thr Tainted: G      D         4.4.0-210-generic #242-Ubuntu
[18299.873485] Hardware name: innotek GmbH VirtualBox/VirtualBox, BIOS VirtualBox 12/01/2006
[18299.877790] task: ffff8800da310000 ti: ffff8800c07e0000 task.ti: ffff8800c07e0000
[18299.881942] RIP: 0010:[<ffffffff811fa307>]  [<ffffffff811fa307>] kmem_cache_alloc+0x77/0x1f0
[18299.886868] RSP: 0000:ffff8800c07e3d98  EFLAGS: 00010202
[18299.889596] RAX: 0000000000000000 RBX: 00000000024000c0 RCX: 00000000000e92ae
[18299.893164] RDX: 00000000000e92ad RSI: 00000000024000c0 RDI: 0000000000019480
[18299.896699] RBP: ffff8800c07e3dc8 R08: ffff88011fd19480 R09: 775f323000360037
[18299.899796] R10: ffff880000000590 R11: 0000000000000590 R12: 00000000024000c0
[18299.902986] R13: ffffffff811d9bf8 R14: ffff88011b001b00 R15: ffff88011b001b00
[18299.906134] FS:  00007f4456eb8700(0000) GS:ffff88011fd00000(0000) knlGS:0000000000000000
[18299.910221] CS:  0010 DS: 0000 ES: 0000 CR0: 0000000080050033
[18299.913052] CR2: 00007f44556b2000 CR3: 00000000a8b20000 CR4: 0000000000060670
[18299.916720] DR0: 0000000000000000 DR1: 0000000000000000 DR2: 0000000000000000
[18299.920346] DR3: 0000000000000000 DR6: 00000000fffe0ff0 DR7: 0000000000000400
[18299.923541] Stack:
[18299.925001]  ffffffff811d48d3 ffff8800d9f9f3e8 0000000000000000 ffffc00000000fff
[18299.929406]  ffff88011a22d400 ffff88011a22d400 ffff8800c07e3e00 ffffffff811d9bf8
[18299.933845]  0000000000000002 ffff8800d9f9f3e8 ffffc00000000fff 00007f44556b2000
[18299.938401] Call Trace:
[18299.940012]  [<ffffffff811d48d3>] ? mmap_region+0x1e3/0x650
[18299.942609]  [<ffffffff811d9bf8>] anon_vma_prepare+0x48/0x180
[18299.945307]  [<ffffffff811cd1bf>] handle_mm_fault+0x13ef/0x1b80
[18299.948054]  [<ffffffff811d5049>] ? do_mmap+0x309/0x480
[18299.950617]  [<ffffffff811b89fb>] ? vm_mmap_pgoff+0xbb/0xe0
[18299.953227]  [<ffffffff8106eec4>] __do_page_fault+0x1a4/0x410
[18299.955919]  [<ffffffff8106f152>] do_page_fault+0x22/0x30
[18299.958441]  [<ffffffff8186e738>] page_fault+0x28/0x30
[18299.960918] Code: 08 65 4c 03 05 13 2f e1 7e 49 83 78 10 00 4d 8b 08 0f 84 2b 01 00 00 4d 85 c9 0f 84 22 01 00 00 49 63 47 20 48 8d 4a 01 49 8b 3f <49> 8b 1c 01 4c 89 c8 65 48 0f c7 0f 0f 94 c0 84 c0 74 bb 49 63 
[18299.978233] RIP  [<ffffffff811fa307>] kmem_cache_alloc+0x77/0x1f0
[18299.981159]  RSP <ffff8800c07e3d98>
[18299.983172] ---[ end trace af1b4ed2e11e8202 ]---
[18299.987024] general protection fault: 0000 [#5] SMP 
[18299.989691] Modules linked in: vboxsf isofs crct10dif_pclmul crc32_pclmul ghash_clmulni_intel input_leds serio_raw vboxguest video ib_iser rdma_cm iw_cm ib_cm ib_sa ib_mad ib_core ib_addr iscsi_tcp libiscsi_tcp libiscsi scsi_transport_iscsi autofs4 btrfs raid10 raid456 async_raid6_recov async_memcpy async_pq async_xor async_tx xor raid6_pq libcrc32c raid1 raid0 multipath linear aesni_intel aes_x86_64 glue_helper lrw gf128mul mptspi ablk_helper cryptd scsi_transport_spi mptscsih psmouse mptbase e1000
[18300.050033] CPU: 1 PID: 1135 Comm: gmain Tainted: G      D         4.4.0-210-generic #242-Ubuntu
[18300.054871] Hardware name: innotek GmbH VirtualBox/VirtualBox, BIOS VirtualBox 12/01/2006
[18300.059116] task: ffff880036c50e40 ti: ffff8800da43c000 task.ti: ffff8800da43c000
[18300.063637] RIP: 0010:[<ffffffff811fba57>]  [<ffffffff811fba57>] __kmalloc+0x97/0x250
[18300.068219] RSP: 0000:ffff8800da43fac8  EFLAGS: 00010202
[18300.070774] RAX: 0000000000000000 RBX: 00000000024000c0 RCX: 00000000000e92ae
[18300.074974] RDX: 00000000000e92ad RSI: 0000000000000000 RDI: 0000000000019480
[18300.078680] RBP: ffff8800da43fb00 R08: ffff88011fd19480 R09: ffff88011b001b00
[18300.081820] R10: 775f323000360037 R11: ffff880036a36e10 R12: 00000000024000c0
[18300.084995] R13: 0000000000000030 R14: ffffffff81263505 R15: ffff88011b001b00
[18300.088157] FS:  0000000000000000(0000) GS:ffff88011fd00000(0000) knlGS:0000000000000000
[18300.092224] CS:  0010 DS: 0000 ES: 0000 CR0: 0000000080050033
[18300.095374] CR2: 00007f44556b2000 CR3: 0000000001e0a000 CR4: 0000000000060670
[18300.098476] DR0: 0000000000000000 DR1: 0000000000000000 DR2: 0000000000000000
[18300.101578] DR3: 0000000000000000 DR6: 00000000fffe0ff0 DR7: 0000000000000400
[18300.104713] Stack:
[18300.106144]  ffffffff81e89830 0000000000000000 ffff880036948bb0 ffff880036a36000
[18300.110569]  0000000000000030 0000000000008000 0000000000000000 ffff8800da43fb40
[18300.114994]  ffffffff81263505 0000000000000000 ffff880036a36000 ffff880036948bb0
[18300.119480] Call Trace:
[18300.121078]  [<ffffffff81263505>] inotify_handle_event+0x75/0x160
[18300.123869]  [<ffffffff81264056>] inotify_ignored_and_remove_idr+0x46/0x70
[18300.126895]  [<ffffffff8126360e>] inotify_freeing_mark+0xe/0x10
[18300.129636]  [<ffffffff81262260>] fsnotify_free_mark+0xa0/0xc0
[18300.132352]  [<ffffffff8126280b>] fsnotify_clear_marks_by_group_flags+0xcb/0x110
[18300.136282]  [<ffffffff81262863>] fsnotify_clear_marks_by_group+0x13/0x20
[18300.139302]  [<ffffffff81261a2f>] fsnotify_destroy_group+0x2f/0x70
[18300.142093]  [<ffffffff81263702>] inotify_release+0x22/0x60
[18300.144757]  [<ffffffff8121e7f7>] __fput+0xe7/0x230
[18300.147177]  [<ffffffff8121e97e>] ____fput+0xe/0x10
[18300.149625]  [<ffffffff810a4bb5>] task_work_run+0x95/0xb0
[18300.152313]  [<ffffffff810885d2>] do_exit+0x2d2/0xb90
[18300.154730]  [<ffffffff812318b0>] ? poll_select_copy_remaining+0x140/0x140
[18300.157751]  [<ffffffff81088f17>] do_group_exit+0x47/0xb0
[18300.164191]  [<ffffffff810957e1>] get_signal+0x171/0x950
[18300.166860]  [<ffffffff8102e467>] do_signal+0x37/0x6f0
[18300.169677]  [<ffffffff8126b497>] ? eventfd_ctx_read+0x67/0x260
[18300.172421]  [<ffffffff810034fc>] exit_to_usermode_loop+0x8c/0xd0
[18300.175177]  [<ffffffff81003c9a>] syscall_return_slowpath+0x5a/0x60
[18300.178036]  [<ffffffff8186bd18>] int_ret_from_sys_call+0x25/0xa3
[18300.180960] Code: 08 65 4c 03 05 c3 17 e1 7e 49 83 78 10 00 4d 8b 10 0f 84 3d 01 00 00 4d 85 d2 0f 84 34 01 00 00 49 63 41 20 48 8d 4a 01 49 8b 39 <49> 8b 1c 02 4c 89 d0 65 48 0f c7 0f 0f 94 c0 84 c0 74 bb 49 63 
[18300.198530] RIP  [<ffffffff811fba57>] __kmalloc+0x97/0x250
[18300.201323]  RSP <ffff8800da43fac8>
[18300.203317] ---[ end trace af1b4ed2e11e8203 ]---
[18300.205862] Fixing recursive fault but reboot is needed!
[18300.214654] general protection fault: 0000 [#6] SMP 
[18300.217336] Modules linked in: vboxsf isofs crct10dif_pclmul crc32_pclmul ghash_clmulni_intel input_leds serio_raw vboxguest video ib_iser rdma_cm iw_cm ib_cm ib_sa ib_mad ib_core ib_addr iscsi_tcp libiscsi_tcp libiscsi scsi_transport_iscsi autofs4 btrfs raid10 raid456 async_raid6_recov async_memcpy async_pq async_xor async_tx xor raid6_pq libcrc32c raid1 raid0 multipath linear aesni_intel aes_x86_64 glue_helper lrw gf128mul mptspi ablk_helper cryptd scsi_transport_spi mptscsih psmouse mptbase e1000
[18300.243651] CPU: 1 PID: 1 Comm: systemd Tainted: G      D         4.4.0-210-generic #242-Ubuntu
[18300.247943] Hardware name: innotek GmbH VirtualBox/VirtualBox, BIOS VirtualBox 12/01/2006
[18300.252062] task: ffff88011a4a0000 ti: ffff88011a49c000 task.ti: ffff88011a49c000
[18300.255953] RIP: 0010:[<ffffffff811fa08b>]  [<ffffffff811fa08b>] kmem_cache_alloc_trace+0x7b/0x1f0
[18300.260449] RSP: 0018:ffff88011a49fc00  EFLAGS: 00010202
[18300.262944] RAX: 0000000000000000 RBX: 00000000024000c0 RCX: 00000000000e92ae
[18300.266063] RDX: 00000000000e92ad RSI: 00000000024000c0 RDI: 0000000000019480
[18300.269141] RBP: ffff88011a49fc40 R08: ffff88011fd19480 R09: ffff88011b001b00
[18300.272243] R10: 775f323000360037 R11: ffff880078140900 R12: 00000000024000c0
[18300.275399] R13: ffffffff8129e2c0 R14: ffff88007d035a80 R15: ffff88011b001b00
[18300.278595] FS:  00007f06342288c0(0000) GS:ffff88011fd00000(0000) knlGS:0000000000000000
[18300.282657] CS:  0010 DS: 0000 ES: 0000 CR0: 0000000080050033
[18300.285322] CR2: 00007fcbde928000 CR3: 0000000036862000 CR4: 0000000000060670
[18300.288442] DR0: 0000000000000000 DR1: 0000000000000000 DR2: 0000000000000000
[18300.291589] DR3: 0000000000000000 DR6: 00000000fffe0ff0 DR7: 0000000000000400
[18300.294681] Stack:
[18300.296158]  ffffffff81a33f60 ffff88007d035a80 0000000000000030 0000000000000000
[18300.300622]  0000000000000000 ffff88007d035ac8 ffff88007d035a80 ffff8800da2863c0
[18300.305329]  ffff88011a49fc88 ffffffff8129e2c0 ffff8800daa2ab00 ffff88007813f8c0
[18300.309823] Call Trace:
[18300.311480]  [<ffffffff8129e2c0>] kernfs_fop_open+0x220/0x3c0
[18300.314145]  [<ffffffff8121a412>] do_dentry_open+0x202/0x310
[18300.316829]  [<ffffffff8129e0a0>] ? kernfs_notify_workfn+0x250/0x250
[18300.319670]  [<ffffffff8121b5c4>] vfs_open+0x54/0x80
[18300.322234]  [<ffffffff812275bb>] ? may_open+0x5b/0xf0
[18300.324687]  [<ffffffff8122aaf4>] path_openat+0x214/0x1360
[18300.327279]  [<ffffffff812418b3>] ? seq_printf+0x53/0x70
[18300.329782]  [<ffffffff8122d811>] do_filp_open+0x91/0x100
[18300.332923]  [<ffffffff8123b5c7>] ? __alloc_fd+0xc7/0x190
[18300.336464]  [<ffffffff8121b998>] do_sys_open+0x138/0x2a0
[18300.339905]  [<ffffffff8121bb1e>] SyS_open+0x1e/0x20
[18300.342938]  [<ffffffff8186bb5b>] entry_SYSCALL_64_fastpath+0x22/0xd0
[18300.345976] Code: 08 65 4c 03 05 8f 31 e1 7e 49 83 78 10 00 4d 8b 10 0f 84 23 01 00 00 4d 85 d2 0f 84 1a 01 00 00 49 63 41 20 48 8d 4a 01 49 8b 39 <49> 8b 1c 02 4c 89 d0 65 48 0f c7 0f 0f 94 c0 84 c0 74 bb 49 63 
[18300.365137] RIP  [<ffffffff811fa08b>] kmem_cache_alloc_trace+0x7b/0x1f0
[18300.368872]  RSP <ffff88011a49fc00>
[18300.370915] ---[ end trace af1b4ed2e11e8204 ]---
[18300.373993] general protection fault: 0000 [#7] SMP 
[18300.377091] Modules linked in: vboxsf isofs crct10dif_pclmul crc32_pclmul ghash_clmulni_intel input_leds serio_raw vboxguest video ib_iser rdma_cm iw_cm ib_cm ib_sa ib_mad ib_core ib_addr iscsi_tcp libiscsi_tcp libiscsi scsi_transport_iscsi autofs4 btrfs raid10 raid456 async_raid6_recov async_memcpy async_pq async_xor async_tx xor raid6_pq libcrc32c raid1 raid0 multipath linear aesni_intel aes_x86_64 glue_helper lrw gf128mul mptspi ablk_helper cryptd scsi_transport_spi mptscsih psmouse mptbase e1000
[18300.430621] CPU: 1 PID: 1 Comm: systemd Tainted: G      D         4.4.0-210-generic #242-Ubuntu
[18300.435327] Hardware name: innotek GmbH VirtualBox/VirtualBox, BIOS VirtualBox 12/01/2006
[18300.439673] task: ffff88011a4a0000 ti: ffff88011a49c000 task.ti: ffff88011a49c000
[18300.444115] RIP: 0010:[<ffffffff811fba57>]  [<ffffffff811fba57>] __kmalloc+0x97/0x250
[18300.448757] RSP: 0018:ffff88011a49f858  EFLAGS: 00010202
[18300.451414] RAX: 0000000000000000 RBX: 00000000024000c0 RCX: 00000000000e92ae
[18300.454855] RDX: 00000000000e92ad RSI: 0000000000000000 RDI: 0000000000019480
[18300.458027] RBP: ffff88011a49f890 R08: ffff88011fd19480 R09: ffff88011b001b00
[18300.461177] R10: 775f323000360037 R11: ffff88011a38d910 R12: 00000000024000c0
[18300.464456] R13: 0000000000000030 R14: ffffffff81263505 R15: ffff88011b001b00
[18300.467735] FS:  0000000000000000(0000) GS:ffff88011fd00000(0000) knlGS:0000000000000000
[18300.471876] CS:  0010 DS: 0000 ES: 0000 CR0: 0000000080050033
[18300.474523] CR2: 00007fcbde928000 CR3: 0000000001e0a000 CR4: 0000000000060670
[18300.477727] DR0: 0000000000000000 DR1: 0000000000000000 DR2: 0000000000000000
[18300.480862] DR3: 0000000000000000 DR6: 00000000fffe0ff0 DR7: 0000000000000400
[18300.483953] Stack:
[18300.485385]  ffffffff81e89830 0000000000000000 ffff88003686ccb8 ffff88011a38d500
[18300.489832]  0000000000000030 0000000000008000 0000000000000000 ffff88011a49f8d0
[18300.494236]  ffffffff81263505 0000000000000000 ffff88011a38d500 ffff88003686ccb8
[18300.498700] Call Trace:
[18300.500303]  [<ffffffff81263505>] inotify_handle_event+0x75/0x160
[18300.503077]  [<ffffffff81264056>] inotify_ignored_and_remove_idr+0x46/0x70
[18300.506096]  [<ffffffff8126360e>] inotify_freeing_mark+0xe/0x10
[18300.508866]  [<ffffffff81262260>] fsnotify_free_mark+0xa0/0xc0
[18300.511632]  [<ffffffff8126280b>] fsnotify_clear_marks_by_group_flags+0xcb/0x110
[18300.515558]  [<ffffffff81262863>] fsnotify_clear_marks_by_group+0x13/0x20
[18300.518532]  [<ffffffff81261a2f>] fsnotify_destroy_group+0x2f/0x70
[18300.521357]  [<ffffffff81263702>] inotify_release+0x22/0x60
[18300.523963]  [<ffffffff8121e7f7>] __fput+0xe7/0x230
[18300.526340]  [<ffffffff8121e97e>] ____fput+0xe/0x10
[18300.528722]  [<ffffffff810a4bb5>] task_work_run+0x95/0xb0
[18300.531270]  [<ffffffff810885d2>] do_exit+0x2d2/0xb90
[18300.533691]  [<ffffffff81031bb4>] oops_end+0xa4/0x100
[18300.536164]  [<ffffffff810321ab>] die+0x4b/0x70
[18300.538421]  [<ffffffff8102f4f9>] do_general_protection+0xc9/0x150
[18300.541354]  [<ffffffff8129e2c0>] ? kernfs_fop_open+0x220/0x3c0
[18300.544103]  [<ffffffff8186e6d8>] general_protection+0x28/0x30
[18300.546780]  [<ffffffff8129e2c0>] ? kernfs_fop_open+0x220/0x3c0
[18300.549528]  [<ffffffff811fa08b>] ? kmem_cache_alloc_trace+0x7b/0x1f0
[18300.552489]  [<ffffffff8129e2c0>] kernfs_fop_open+0x220/0x3c0
[18300.555133]  [<ffffffff8121a412>] do_dentry_open+0x202/0x310
[18300.557780]  [<ffffffff8129e0a0>] ? kernfs_notify_workfn+0x250/0x250
[18300.560649]  [<ffffffff8121b5c4>] vfs_open+0x54/0x80
[18300.563050]  [<ffffffff812275bb>] ? may_open+0x5b/0xf0
[18300.565494]  [<ffffffff8122aaf4>] path_openat+0x214/0x1360
[18300.568111]  [<ffffffff812418b3>] ? seq_printf+0x53/0x70
[18300.570637]  [<ffffffff8122d811>] do_filp_open+0x91/0x100
[18300.573176]  [<ffffffff8123b5c7>] ? __alloc_fd+0xc7/0x190
[18300.575750]  [<ffffffff8121b998>] do_sys_open+0x138/0x2a0
[18300.578267]  [<ffffffff8121bb1e>] SyS_open+0x1e/0x20
[18300.580715]  [<ffffffff8186bb5b>] entry_SYSCALL_64_fastpath+0x22/0xd0
[18300.615729] Code: 08 65 4c 03 05 c3 17 e1 7e 49 83 78 10 00 4d 8b 10 0f 84 3d 01 00 00 4d 85 d2 0f 84 34 01 00 00 49 63 41 20 48 8d 4a 01 49 8b 39 <49> 8b 1c 02 4c 89 d0 65 48 0f c7 0f 0f 94 c0 84 c0 74 bb 49 63 
[18300.634709] RIP  [<ffffffff811fba57>] __kmalloc+0x97/0x250
[18300.637480]  RSP <ffff88011a49f858>
[18300.639521] ---[ end trace af1b4ed2e11e8205 ]---
[18300.642471] Fixing recursive fault but reboot is needed!
[18304.048097] general protection fault: 0000 [#8] SMP 
[18304.057940] Modules linked in: vboxsf isofs crct10dif_pclmul crc32_pclmul ghash_clmulni_intel input_leds serio_raw vboxguest video ib_iser rdma_cm iw_cm ib_cm ib_sa ib_mad ib_core ib_addr iscsi_tcp libiscsi_tcp libiscsi scsi_transport_iscsi autofs4 btrfs raid10 raid456 async_raid6_recov async_memcpy async_pq async_xor async_tx xor raid6_pq libcrc32c raid1 raid0 multipath linear aesni_intel aes_x86_64 glue_helper lrw gf128mul mptspi ablk_helper cryptd scsi_transport_spi mptscsih psmouse mptbase e1000
[18304.107709] CPU: 1 PID: 1234 Comm: irqbalance Tainted: G      D         4.4.0-210-generic #242-Ubuntu
[18304.112189] Hardware name: innotek GmbH VirtualBox/VirtualBox, BIOS VirtualBox 12/01/2006
[18304.116300] task: ffff8800da4f8e40 ti: ffff8800da578000 task.ti: ffff8800da578000
[18304.120681] RIP: 0010:[<ffffffff811fa08b>]  [<ffffffff811fa08b>] kmem_cache_alloc_trace+0x7b/0x1f0
[18304.125454] RSP: 0018:ffff8800da57bc10  EFLAGS: 00010202
[18304.128228] RAX: 0000000000000000 RBX: 00000000024080c0 RCX: 00000000000e92ae
[18304.131433] RDX: 00000000000e92ad RSI: 00000000024080c0 RDI: 0000000000019480
[18304.135189] RBP: ffff8800da57bc50 R08: ffff88011fd19480 R09: ffff88011b001b00
[18304.138738] R10: 775f323000360037 R11: 0000000000000000 R12: 00000000024080c0
[18304.141871] R13: ffffffff8128b8c2 R14: ffff8800d929aa00 R15: ffff88011b001b00
[18304.145006] FS:  00007f0345e60740(0000) GS:ffff88011fd00000(0000) knlGS:0000000000000000
[18304.149141] CS:  0010 DS: 0000 ES: 0000 CR0: 0000000080050033
[18304.151903] CR2: 00007fcbde928000 CR3: 00000000da5cc000 CR4: 0000000000060670
[18304.155390] DR0: 0000000000000000 DR1: 0000000000000000 DR2: 0000000000000000
[18304.159117] DR3: 0000000000000000 DR6: 00000000fffe0ff0 DR7: 0000000000000400
[18304.162715] Stack:
[18304.164189]  ffff8800db893b40 ffff8800da57bc48 0000000000000028 ffff8800db893b40
[18304.168653]  ffff8800d99af198 0000000000000000 ffff8800d929aa00 ffff8800d929aa10
[18304.173106]  ffff8800da57bc88 ffffffff8128b8c2 ffff8800d929aa00 ffff8800da74ae40
[18304.177567] Call Trace:
[18304.179168]  [<ffffffff8128b8c2>] proc_reg_open+0x32/0x110
[18304.181751]  [<ffffffff8121a412>] do_dentry_open+0x202/0x310
[18304.184460]  [<ffffffff8128b890>] ? proc_reg_release+0x70/0x70
[18304.187142]  [<ffffffff8121b5c4>] vfs_open+0x54/0x80
[18304.189591]  [<ffffffff812275bb>] ? may_open+0x5b/0xf0
[18304.192051]  [<ffffffff8122aaf4>] path_openat+0x214/0x1360
[18304.194665]  [<ffffffff81866b21>] ? __schedule+0x301/0x810
[18304.197268]  [<ffffffff81866b2d>] ? __schedule+0x30d/0x810
[18304.199829]  [<ffffffff81866b21>] ? __schedule+0x301/0x810
[18304.202385]  [<ffffffff8122d811>] do_filp_open+0x91/0x100
[18304.204973]  [<ffffffff8123b5c7>] ? __alloc_fd+0xc7/0x190
[18304.207520]  [<ffffffff8121b998>] do_sys_open+0x138/0x2a0
[18304.210100]  [<ffffffff8121bb1e>] SyS_open+0x1e/0x20
[18304.212530]  [<ffffffff8186bb5b>] entry_SYSCALL_64_fastpath+0x22/0xd0
[18304.215378] Code: 08 65 4c 03 05 8f 31 e1 7e 49 83 78 10 00 4d 8b 10 0f 84 23 01 00 00 4d 85 d2 0f 84 1a 01 00 00 49 63 41 20 48 8d 4a 01 49 8b 39 <49> 8b 1c 02 4c 89 d0 65 48 0f c7 0f 0f 94 c0 84 c0 74 bb 49 63 
[18304.232715] RIP  [<ffffffff811fa08b>] kmem_cache_alloc_trace+0x7b/0x1f0
[18304.235805]  RSP <ffff8800da57bc10>
[18304.237764] ---[ end trace af1b4ed2e11e8206 ]---
[18304.241008] general protection fault: 0000 [#9] SMP 
[18304.243769] Modules linked in: vboxsf isofs crct10dif_pclmul crc32_pclmul ghash_clmulni_intel input_leds serio_raw vboxguest video ib_iser rdma_cm iw_cm ib_cm ib_sa ib_mad ib_core ib_addr iscsi_tcp libiscsi_tcp libiscsi scsi_transport_iscsi autofs4 btrfs raid10 raid456 async_raid6_recov async_memcpy async_pq async_xor async_tx xor raid6_pq libcrc32c raid1 raid0 multipath linear aesni_intel aes_x86_64 glue_helper lrw gf128mul mptspi ablk_helper cryptd scsi_transport_spi mptscsih psmouse mptbase e1000
[18304.271597] CPU: 1 PID: 9080 Comm: kworker/1:2 Tainted: G      D         4.4.0-210-generic #242-Ubuntu
[18304.276028] Hardware name: innotek GmbH VirtualBox/VirtualBox, BIOS VirtualBox 12/01/2006
[18304.280168] Workqueue: events cgroup_release_agent
[18304.283059] task: ffff88011a72c740 ti: ffff88008e084000 task.ti: ffff88008e084000
[18304.287363] RIP: 0010:[<ffffffff811fe206>]  [<ffffffff811fe206>] __kmalloc_track_caller+0x96/0x250
[18304.292072] RSP: 0018:ffff88008e087d58  EFLAGS: 00010202
[18304.294556] RAX: 0000000000000000 RBX: 00000000024000c0 RCX: 00000000000e92ae
[18304.306793] RDX: 00000000000e92ad RSI: 0000000000000000 RDI: 0000000000019480
[18304.310438] RBP: ffff88008e087d90 R08: ffff88011fd19480 R09: ffff88011b001b00
[18304.313518] R10: 775f323000360037 R11: 0000000000000000 R12: 00000000024000c0
[18304.316703] R13: 0000000000000023 R14: ffffffff8111be31 R15: ffff88011b001b00
[18304.319829] FS:  0000000000000000(0000) GS:ffff88011fd00000(0000) knlGS:0000000000000000
[18304.323907] CS:  0010 DS: 0000 ES: 0000 CR0: 0000000080050033
[18304.328443] CR2: 00007fcbde928000 CR3: 0000000001e0a000 CR4: 0000000000060670
[18304.332118] DR0: 0000000000000000 DR1: 0000000000000000 DR2: 0000000000000000
[18304.336148] DR3: 0000000000000000 DR6: 00000000fffe0ff0 DR7: 0000000000000400
[18304.340944] Stack:
[18304.342875]  0000000000000246 00000000024000c0 ffff8800368da2e8 0000000000000023
[18304.347904]  00000000024000c0 ffff88011fd1a100 0000000000000040 ffff88008e087db8
[18304.352752]  ffffffff811b85f1 ffff8800da56ae70 ffff880036abc000 ffff88011fd15bc0
[18304.357491] Call Trace:
[18304.359146]  [<ffffffff811b85f1>] kstrdup+0x31/0x60
[18304.362003]  [<ffffffff8111be31>] cgroup_release_agent+0x61/0x140
[18304.364935]  [<ffffffff8109fd2b>] process_one_work+0x16b/0x4e0
[18304.367608]  [<ffffffff810a00ee>] worker_thread+0x4e/0x580
[18304.370254]  [<ffffffff810a00a0>] ? process_one_work+0x4e0/0x4e0
[18304.372988]  [<ffffffff810a6807>] kthread+0xe7/0x100
[18304.375380]  [<ffffffff81866b21>] ? __schedule+0x301/0x810
[18304.377986]  [<ffffffff810a6720>] ? kthread_create_on_node+0x1e0/0x1e0
[18304.380911]  [<ffffffff8186bfe5>] ret_from_fork+0x55/0x80
[18304.383431]  [<ffffffff810a6720>] ? kthread_create_on_node+0x1e0/0x1e0
[18304.386860] Code: 08 65 4c 03 05 14 f0 e0 7e 49 83 78 10 00 4d 8b 10 0f 84 39 01 00 00 4d 85 d2 0f 84 30 01 00 00 49 63 41 20 48 8d 4a 01 49 8b 39 <49> 8b 1c 02 4c 89 d0 65 48 0f c7 0f 0f 94 c0 84 c0 74 bb 49 63 
[18304.404818] RIP  [<ffffffff811fe206>] __kmalloc_track_caller+0x96/0x250
[18304.408598]  RSP <ffff88008e087d58>
[18304.412044] ---[ end trace af1b4ed2e11e8207 ]---
[18304.415637] BUG: unable to handle kernel paging request at ffffffffffffffd8
[18304.419008] IP: [<ffffffff810a6f80>] kthread_data+0x10/0x20
[18304.421760] PGD 1e0f067 PUD 1e11067 PMD 0 
[18304.424319] Oops: 0000 [#10] SMP 
[18304.426520] Modules linked in: vboxsf isofs crct10dif_pclmul crc32_pclmul ghash_clmulni_intel input_leds serio_raw vboxguest video ib_iser rdma_cm iw_cm ib_cm ib_sa ib_mad ib_core ib_addr iscsi_tcp libiscsi_tcp libiscsi scsi_transport_iscsi autofs4 btrfs raid10 raid456 async_raid6_recov async_memcpy async_pq async_xor async_tx xor raid6_pq libcrc32c raid1 raid0 multipath linear aesni_intel aes_x86_64 glue_helper lrw gf128mul mptspi ablk_helper cryptd scsi_transport_spi mptscsih psmouse mptbase e1000
[18304.455167] CPU: 1 PID: 9080 Comm: kworker/1:2 Tainted: G      D         4.4.0-210-generic #242-Ubuntu
[18304.461626] Hardware name: innotek GmbH VirtualBox/VirtualBox, BIOS VirtualBox 12/01/2006
[18304.465917] task: ffff88011a72c740 ti: ffff88008e084000 task.ti: ffff88008e084000
[18304.469812] RIP: 0010:[<ffffffff810a6f80>]  [<ffffffff810a6f80>] kthread_data+0x10/0x20
[18304.473988] RSP: 0018:ffff88008e087b28  EFLAGS: 00010002
[18304.476493] RAX: 0000000000000000 RBX: 0000000000000001 RCX: 0000000000000001
[18304.479577] RDX: ffff88011b004080 RSI: 0000000000000001 RDI: ffff88011a72c740
[18304.482681] RBP: ffff88008e087b28 R08: 00000000ffffffff R09: 0000000000000000
[18304.485780] R10: 0000000000000000 R11: 0000000000000000 R12: 0000000000000000
[18304.488955] R13: 00000000000162c0 R14: ffff88011a72c740 R15: ffff88011fd162c0
[18304.492464] FS:  0000000000000000(0000) GS:ffff88011fd00000(0000) knlGS:0000000000000000
[18304.496569] CS:  0010 DS: 0000 ES: 0000 CR0: 0000000080050033
[18304.499236] CR2: 0000000000000028 CR3: 00000000d910c000 CR4: 0000000000060670
[18304.502342] DR0: 0000000000000000 DR1: 0000000000000000 DR2: 0000000000000000
[18304.505427] DR3: 0000000000000000 DR6: 00000000fffe0ff0 DR7: 0000000000000400
[18304.508524] Stack:
[18304.509961]  ffff88008e087b40 ffffffff810a1371 ffff88011fd162c0 ffff88008e087b90
[18304.514381]  ffffffff81866d99 ffff88008e087ba8 ffffffff00000001 ffff88011a72c740
[18304.518812]  ffff88008e088000 ffff88011a72ce08 ffff88008e087748 0000000000000000
[18304.523263] Call Trace:
[18304.524846]  [<ffffffff810a1371>] wq_worker_sleeping+0x11/0x90
[18304.528578]  [<ffffffff81866d99>] __schedule+0x579/0x810
[18304.531086]  [<ffffffff81867065>] schedule+0x35/0x80
[18304.533465]  [<ffffffff81088a7e>] do_exit+0x77e/0xb90
[18304.535890]  [<ffffffff81031bb4>] oops_end+0xa4/0x100
[18304.538300]  [<ffffffff810321ab>] die+0x4b/0x70
[18304.540708]  [<ffffffff8111be31>] ? cgroup_release_agent+0x61/0x140
[18304.543527]  [<ffffffff8102f4f9>] do_general_protection+0xc9/0x150
[18304.546306]  [<ffffffff8186e6d8>] general_protection+0x28/0x30
[18304.548979]  [<ffffffff8111be31>] ? cgroup_release_agent+0x61/0x140
[18304.551980]  [<ffffffff811fe206>] ? __kmalloc_track_caller+0x96/0x250
[18304.555424]  [<ffffffff811fe326>] ? __kmalloc_track_caller+0x1b6/0x250
[18304.559283]  [<ffffffff811b85f1>] kstrdup+0x31/0x60
[18304.561837]  [<ffffffff8111be31>] cgroup_release_agent+0x61/0x140
[18304.564857]  [<ffffffff8109fd2b>] process_one_work+0x16b/0x4e0
[18304.567712]  [<ffffffff810a00ee>] worker_thread+0x4e/0x580
[18304.570387]  [<ffffffff810a00a0>] ? process_one_work+0x4e0/0x4e0
[18304.573319]  [<ffffffff810a6807>] kthread+0xe7/0x100
[18304.575901]  [<ffffffff81866b21>] ? __schedule+0x301/0x810
[18304.578594]  [<ffffffff810a6720>] ? kthread_create_on_node+0x1e0/0x1e0
[18304.581681]  [<ffffffff8186bfe5>] ret_from_fork+0x55/0x80
[18304.584440]  [<ffffffff810a6720>] ? kthread_create_on_node+0x1e0/0x1e0
[18304.587626] Code: e9 29 ff ff ff be 4f 02 00 00 48 c7 c7 e0 77 cc 81 e8 a5 e6 fd ff e9 44 fe ff ff 0f 1f 44 00 00 48 8b 87 08 05 00 00 55 48 89 e5 <48> 8b 40 d8 5d c3 66 2e 0f 1f 84 00 00 00 00 00 0f 1f 44 00 00 
[18304.637258] RIP  [<ffffffff810a6f80>] kthread_data+0x10/0x20
[18304.640240]  RSP <ffff88008e087b28>
[18304.642212] CR2: ffffffffffffffd8
[18304.644178] ---[ end trace af1b4ed2e11e8208 ]---
[18304.646576] Fixing recursive fault but reboot is needed!
